;  LST file generated by mikroListExporter - v.2.0 
; Date/Time: 17/09/2020 04:22:02 p. m.
;----------------------------------------------

;Address Opcode 	ASM
0x0000	0x2949      	GOTO       329
_Delay_50us:
;__Lib_Delays.c,19 :: 		void Delay_50us() {
;__Lib_Delays.c,20 :: 		Delay_us(50);
0x0003	0x3021      	MOVLW      33
0x0004	0x1283      	BCF        STATUS, 5
0x0005	0x1303      	BCF        STATUS, 6
0x0006	0x00FD      	MOVWF      R13
L_Delay_50us2:
0x0007	0x0BFD      	DECFSZ     R13, 1
0x0008	0x2807      	GOTO       L_Delay_50us2
;__Lib_Delays.c,21 :: 		}
L_end_Delay_50us:
0x0009	0x0008      	RETURN
; end of _Delay_50us
_Delay_1us:
;__Lib_Delays.c,7 :: 		void Delay_1us() {
;__Lib_Delays.c,8 :: 		Delay_us(1);
0x000A	0x0000      	NOP
0x000B	0x0000      	NOP
;__Lib_Delays.c,9 :: 		}
L_end_Delay_1us:
0x000C	0x0008      	RETURN
; end of _Delay_1us
_Delay_5500us:
;__Lib_Delays.c,31 :: 		void Delay_5500us() {
;__Lib_Delays.c,32 :: 		Delay_us(5500);
0x000D	0x300F      	MOVLW      15
0x000E	0x1283      	BCF        STATUS, 5
0x000F	0x1303      	BCF        STATUS, 6
0x0010	0x00FC      	MOVWF      R12
0x0011	0x3047      	MOVLW      71
0x0012	0x00FD      	MOVWF      R13
L_Delay_5500us5:
0x0013	0x0BFD      	DECFSZ     R13, 1
0x0014	0x2813      	GOTO       L_Delay_5500us5
0x0015	0x0BFC      	DECFSZ     R12, 1
0x0016	0x2813      	GOTO       L_Delay_5500us5
0x0017	0x0000      	NOP
0x0018	0x0000      	NOP
;__Lib_Delays.c,33 :: 		}
L_end_Delay_5500us:
0x0019	0x0008      	RETURN
; end of _Delay_5500us
_Lcd_Cmd:
;__Lib_Lcd.c,18 :: 		
;__Lib_Lcd.c,20 :: 		
0x001A	0x1283      	BCF        STATUS, 5
0x001B	0x1303      	BCF        STATUS, 6
0x001C	0x1BE9      	BTFSC      FARG_Lcd_Cmd_out_char, 7
0x001D	0x2820      	GOTO       L__Lcd_Cmd21
0x001E	0x1106      	BCF        LCD_D7, BitPos(LCD_D7+0)
0x001F	0x2821      	GOTO       L__Lcd_Cmd22
L__Lcd_Cmd21:
0x0020	0x1506      	BSF        LCD_D7, BitPos(LCD_D7+0)
L__Lcd_Cmd22:
;__Lib_Lcd.c,21 :: 		
0x0021	0x1B69      	BTFSC      FARG_Lcd_Cmd_out_char, 6
0x0022	0x2825      	GOTO       L__Lcd_Cmd23
0x0023	0x1186      	BCF        LCD_D6, BitPos(LCD_D6+0)
0x0024	0x2826      	GOTO       L__Lcd_Cmd24
L__Lcd_Cmd23:
0x0025	0x1586      	BSF        LCD_D6, BitPos(LCD_D6+0)
L__Lcd_Cmd24:
;__Lib_Lcd.c,22 :: 		
0x0026	0x1AE9      	BTFSC      FARG_Lcd_Cmd_out_char, 5
0x0027	0x282A      	GOTO       L__Lcd_Cmd25
0x0028	0x1206      	BCF        LCD_D5, BitPos(LCD_D5+0)
0x0029	0x282B      	GOTO       L__Lcd_Cmd26
L__Lcd_Cmd25:
0x002A	0x1606      	BSF        LCD_D5, BitPos(LCD_D5+0)
L__Lcd_Cmd26:
;__Lib_Lcd.c,23 :: 		
0x002B	0x1A69      	BTFSC      FARG_Lcd_Cmd_out_char, 4
0x002C	0x282F      	GOTO       L__Lcd_Cmd27
0x002D	0x1286      	BCF        LCD_D4, BitPos(LCD_D4+0)
0x002E	0x2830      	GOTO       L__Lcd_Cmd28
L__Lcd_Cmd27:
0x002F	0x1686      	BSF        LCD_D4, BitPos(LCD_D4+0)
L__Lcd_Cmd28:
;__Lib_Lcd.c,25 :: 		
0x0030	0x185D      	BTFSC      __Lib_Lcd_cmd_status, BitPos(__Lib_Lcd_cmd_status+0)
0x0031	0x2834      	GOTO       L__Lcd_Cmd29
0x0032	0x1786      	BSF        LCD_RS, BitPos(LCD_RS+0)
0x0033	0x2835      	GOTO       L__Lcd_Cmd30
L__Lcd_Cmd29:
0x0034	0x1386      	BCF        LCD_RS, BitPos(LCD_RS+0)
L__Lcd_Cmd30:
;__Lib_Lcd.c,28 :: 		
0x0035	0x1706      	BSF        LCD_EN, BitPos(LCD_EN+0)
;__Lib_Lcd.c,29 :: 		
0x0036	0x200A      	CALL       _Delay_1us
;__Lib_Lcd.c,30 :: 		
0x0037	0x1306      	BCF        LCD_EN, BitPos(LCD_EN+0)
;__Lib_Lcd.c,33 :: 		
0x0038	0x19E9      	BTFSC      FARG_Lcd_Cmd_out_char, 3
0x0039	0x283C      	GOTO       L__Lcd_Cmd31
0x003A	0x1106      	BCF        LCD_D7, BitPos(LCD_D7+0)
0x003B	0x283D      	GOTO       L__Lcd_Cmd32
L__Lcd_Cmd31:
0x003C	0x1506      	BSF        LCD_D7, BitPos(LCD_D7+0)
L__Lcd_Cmd32:
;__Lib_Lcd.c,34 :: 		
0x003D	0x1969      	BTFSC      FARG_Lcd_Cmd_out_char, 2
0x003E	0x2841      	GOTO       L__Lcd_Cmd33
0x003F	0x1186      	BCF        LCD_D6, BitPos(LCD_D6+0)
0x0040	0x2842      	GOTO       L__Lcd_Cmd34
L__Lcd_Cmd33:
0x0041	0x1586      	BSF        LCD_D6, BitPos(LCD_D6+0)
L__Lcd_Cmd34:
;__Lib_Lcd.c,35 :: 		
0x0042	0x18E9      	BTFSC      FARG_Lcd_Cmd_out_char, 1
0x0043	0x2846      	GOTO       L__Lcd_Cmd35
0x0044	0x1206      	BCF        LCD_D5, BitPos(LCD_D5+0)
0x0045	0x2847      	GOTO       L__Lcd_Cmd36
L__Lcd_Cmd35:
0x0046	0x1606      	BSF        LCD_D5, BitPos(LCD_D5+0)
L__Lcd_Cmd36:
;__Lib_Lcd.c,36 :: 		
0x0047	0x1869      	BTFSC      FARG_Lcd_Cmd_out_char, 0
0x0048	0x284B      	GOTO       L__Lcd_Cmd37
0x0049	0x1286      	BCF        LCD_D4, BitPos(LCD_D4+0)
0x004A	0x284C      	GOTO       L__Lcd_Cmd38
L__Lcd_Cmd37:
0x004B	0x1686      	BSF        LCD_D4, BitPos(LCD_D4+0)
L__Lcd_Cmd38:
;__Lib_Lcd.c,38 :: 		
0x004C	0x185D      	BTFSC      __Lib_Lcd_cmd_status, BitPos(__Lib_Lcd_cmd_status+0)
0x004D	0x2850      	GOTO       L__Lcd_Cmd39
0x004E	0x1786      	BSF        LCD_RS, BitPos(LCD_RS+0)
0x004F	0x2851      	GOTO       L__Lcd_Cmd40
L__Lcd_Cmd39:
0x0050	0x1386      	BCF        LCD_RS, BitPos(LCD_RS+0)
L__Lcd_Cmd40:
;__Lib_Lcd.c,40 :: 		
0x0051	0x1706      	BSF        LCD_EN, BitPos(LCD_EN+0)
;__Lib_Lcd.c,41 :: 		
0x0052	0x200A      	CALL       _Delay_1us
;__Lib_Lcd.c,42 :: 		
0x0053	0x1306      	BCF        LCD_EN, BitPos(LCD_EN+0)
;__Lib_Lcd.c,44 :: 		
0x0054	0x1C5D      	BTFSS      __Lib_Lcd_cmd_status, BitPos(__Lib_Lcd_cmd_status+0)
0x0055	0x2858      	GOTO       L_Lcd_Cmd0
;__Lib_Lcd.c,45 :: 		
0x0056	0x200D      	CALL       _Delay_5500us
0x0057	0x2859      	GOTO       L_Lcd_Cmd1
L_Lcd_Cmd0:
;__Lib_Lcd.c,47 :: 		
0x0058	0x2003      	CALL       _Delay_50us
L_Lcd_Cmd1:
;__Lib_Lcd.c,48 :: 		
L_end_Lcd_Cmd:
0x0059	0x0008      	RETURN
; end of _Lcd_Cmd
_Lcd_Chr_CP:
;__Lib_Lcd.c,50 :: 		
;__Lib_Lcd.c,52 :: 		
0x005A	0x1283      	BCF        STATUS, 5
0x005B	0x1303      	BCF        STATUS, 6
0x005C	0x105D      	BCF        __Lib_Lcd_cmd_status, BitPos(__Lib_Lcd_cmd_status+0)
;__Lib_Lcd.c,53 :: 		
0x005D	0x0868      	MOVF       FARG_Lcd_Chr_CP_out_char, 0
0x005E	0x00E9      	MOVWF      FARG_Lcd_Cmd_out_char
0x005F	0x201A      	CALL       _Lcd_Cmd
;__Lib_Lcd.c,54 :: 		
0x0060	0x145D      	BSF        __Lib_Lcd_cmd_status, BitPos(__Lib_Lcd_cmd_status+0)
;__Lib_Lcd.c,55 :: 		
L_end_Lcd_Chr_CP:
0x0061	0x0008      	RETURN
; end of _Lcd_Chr_CP
_UART1_Write:
;__Lib_UART_c67.c,39 :: 		
;__Lib_UART_c67.c,40 :: 		
L_UART1_Write3:
0x0062	0x1683      	BSF        STATUS, 5
0x0063	0x1303      	BCF        STATUS, 6
0x0064	0x1898      	BTFSC      TXSTA, 1
0x0065	0x2868      	GOTO       L_UART1_Write4
;__Lib_UART_c67.c,41 :: 		
0x0066	0x0000      	NOP
0x0067	0x2862      	GOTO       L_UART1_Write3
L_UART1_Write4:
;__Lib_UART_c67.c,42 :: 		
0x0068	0x1283      	BCF        STATUS, 5
0x0069	0x0868      	MOVF       FARG_UART1_Write_data_, 0
0x006A	0x0099      	MOVWF      TXREG
;__Lib_UART_c67.c,43 :: 		
L_end_UART1_Write:
0x006B	0x0008      	RETURN
; end of _UART1_Write
_____DoICP:
;__Lib_System.c,6 :: 		
;__Lib_System.c,9 :: 		
0x006C	0x1283      	BCF        STATUS, 5
0x006D	0x1303      	BCF        STATUS, 6
0x006E	0x085F      	MOVF       ___DoICPAddr+1, 0
0x006F	0x008A      	MOVWF      PCLATH
;__Lib_System.c,10 :: 		
0x0070	0x085E      	MOVF       ___DoICPAddr, 0
0x0071	0x0082      	MOVWF      PCL
;__Lib_System.c,12 :: 		
L_end_____DoICP:
0x0072	0x0008      	RETURN
; end of _____DoICP
_ADC_Init:
;__Lib_ADC_88X.c,20 :: 		
;__Lib_ADC_88X.c,21 :: 		
0x0073	0x30FF      	MOVLW      _ADC_Get_Sample
0x0074	0x1283      	BCF        STATUS, 5
0x0075	0x1303      	BCF        STATUS, 6
0x0076	0x00E0      	MOVWF      _ADC_Get_Sample_Ptr
0x0077	0x30FF      	MOVLW      hi_addr(_ADC_Get_Sample)
0x0078	0x00E1      	MOVWF      _ADC_Get_Sample_Ptr+1
0x0079	0x30FF      	MOVLW      FARG_ADC_Get_Sample_channel
0x007A	0x00E2      	MOVWF      _ADC_Get_Sample_Ptr+2
0x007B	0x30FF      	MOVLW      hi_addr(FARG_ADC_Get_Sample_channel)
;__Lib_ADC_88X.c,23 :: 		
0x007C	0x30C3      	MOVLW      195
0x007D	0x059F      	ANDWF      ADCON0, 1
;__Lib_ADC_88X.c,27 :: 		
0x007E	0x30C0      	MOVLW      192
0x007F	0x009F      	MOVWF      ADCON0
;__Lib_ADC_88X.c,28 :: 		
0x0080	0x0920      	COMF       _vref_mask, 0
0x0081	0x00F0      	MOVWF      R0
0x0082	0x0870      	MOVF       R0, 0
0x0083	0x1683      	BSF        STATUS, 5
0x0084	0x059F      	ANDWF      ADCON1, 1
;__Lib_ADC_88X.c,29 :: 		
0x0085	0x179F      	BSF        ADCON1, 7
;__Lib_ADC_88X.c,31 :: 		
0x0086	0x1283      	BCF        STATUS, 5
0x0087	0x141F      	BSF        ADCON0, 0
;__Lib_ADC_88X.c,32 :: 		
L_end_ADC_Init:
0x0088	0x0008      	RETURN
; end of _ADC_Init
_Lcd_Out:
;__Lib_Lcd.c,184 :: 		
;__Lib_Lcd.c,187 :: 		
0x0089	0x289B      	GOTO       L_Lcd_Out11
;__Lib_Lcd.c,188 :: 		
L_Lcd_Out13:
0x008A	0x3080      	MOVLW      128
0x008B	0x1283      	BCF        STATUS, 5
0x008C	0x1303      	BCF        STATUS, 6
0x008D	0x00E4      	MOVWF      FARG_Lcd_Out_row
0x008E	0x28AE      	GOTO       L_Lcd_Out12
;__Lib_Lcd.c,189 :: 		
L_Lcd_Out14:
0x008F	0x30C0      	MOVLW      192
0x0090	0x00E4      	MOVWF      FARG_Lcd_Out_row
0x0091	0x28AE      	GOTO       L_Lcd_Out12
;__Lib_Lcd.c,190 :: 		
L_Lcd_Out15:
0x0092	0x3094      	MOVLW      148
0x0093	0x00E4      	MOVWF      FARG_Lcd_Out_row
0x0094	0x28AE      	GOTO       L_Lcd_Out12
;__Lib_Lcd.c,191 :: 		
L_Lcd_Out16:
0x0095	0x30D4      	MOVLW      212
0x0096	0x00E4      	MOVWF      FARG_Lcd_Out_row
0x0097	0x28AE      	GOTO       L_Lcd_Out12
;__Lib_Lcd.c,192 :: 		
L_Lcd_Out17:
0x0098	0x3080      	MOVLW      128
0x0099	0x00E4      	MOVWF      FARG_Lcd_Out_row
;__Lib_Lcd.c,193 :: 		
0x009A	0x28AE      	GOTO       L_Lcd_Out12
L_Lcd_Out11:
0x009B	0x1283      	BCF        STATUS, 5
0x009C	0x1303      	BCF        STATUS, 6
0x009D	0x0864      	MOVF       FARG_Lcd_Out_row, 0
0x009E	0x3A01      	XORLW      1
0x009F	0x1903      	BTFSC      STATUS, 2
0x00A0	0x288A      	GOTO       L_Lcd_Out13
0x00A1	0x0864      	MOVF       FARG_Lcd_Out_row, 0
0x00A2	0x3A02      	XORLW      2
0x00A3	0x1903      	BTFSC      STATUS, 2
0x00A4	0x288F      	GOTO       L_Lcd_Out14
0x00A5	0x0864      	MOVF       FARG_Lcd_Out_row, 0
0x00A6	0x3A03      	XORLW      3
0x00A7	0x1903      	BTFSC      STATUS, 2
0x00A8	0x2892      	GOTO       L_Lcd_Out15
0x00A9	0x0864      	MOVF       FARG_Lcd_Out_row, 0
0x00AA	0x3A04      	XORLW      4
0x00AB	0x1903      	BTFSC      STATUS, 2
0x00AC	0x2895      	GOTO       L_Lcd_Out16
0x00AD	0x2898      	GOTO       L_Lcd_Out17
L_Lcd_Out12:
;__Lib_Lcd.c,194 :: 		
0x00AE	0x0365      	DECF       FARG_Lcd_Out_column, 0
0x00AF	0x00F0      	MOVWF      R0
0x00B0	0x0864      	MOVF       FARG_Lcd_Out_row, 0
0x00B1	0x07F0      	ADDWF      R0, 1
0x00B2	0x0870      	MOVF       R0, 0
0x00B3	0x00E4      	MOVWF      FARG_Lcd_Out_row
;__Lib_Lcd.c,196 :: 		
0x00B4	0x0870      	MOVF       R0, 0
0x00B5	0x00E9      	MOVWF      FARG_Lcd_Cmd_out_char
0x00B6	0x201A      	CALL       _Lcd_Cmd
;__Lib_Lcd.c,197 :: 		
0x00B7	0x105D      	BCF        __Lib_Lcd_cmd_status, BitPos(__Lib_Lcd_cmd_status+0)
;__Lib_Lcd.c,198 :: 		
0x00B8	0x01E7      	CLRF       Lcd_Out_i_L0
;__Lib_Lcd.c,199 :: 		
L_Lcd_Out18:
0x00B9	0x0867      	MOVF       Lcd_Out_i_L0, 0
0x00BA	0x0766      	ADDWF      FARG_Lcd_Out_text, 0
0x00BB	0x0084      	MOVWF      FSR
0x00BC	0x0800      	MOVF       INDF, 0
0x00BD	0x1903      	BTFSC      STATUS, 2
0x00BE	0x28C7      	GOTO       L_Lcd_Out19
;__Lib_Lcd.c,200 :: 		
0x00BF	0x0867      	MOVF       Lcd_Out_i_L0, 0
0x00C0	0x0766      	ADDWF      FARG_Lcd_Out_text, 0
0x00C1	0x0084      	MOVWF      FSR
0x00C2	0x0800      	MOVF       INDF, 0
0x00C3	0x00E8      	MOVWF      FARG_Lcd_Chr_CP_out_char
0x00C4	0x205A      	CALL       _Lcd_Chr_CP
0x00C5	0x0AE7      	INCF       Lcd_Out_i_L0, 1
0x00C6	0x28B9      	GOTO       L_Lcd_Out18
L_Lcd_Out19:
;__Lib_Lcd.c,201 :: 		
0x00C7	0x145D      	BSF        __Lib_Lcd_cmd_status, BitPos(__Lib_Lcd_cmd_status+0)
;__Lib_Lcd.c,202 :: 		
L_end_Lcd_Out:
0x00C8	0x0008      	RETURN
; end of _Lcd_Out
_Lcd_Init:
;__Lib_Lcd.c,84 :: 		
;__Lib_Lcd.c,86 :: 		
0x00C9	0x1683      	BSF        STATUS, 5
0x00CA	0x1303      	BCF        STATUS, 6
0x00CB	0x1306      	BCF        LCD_EN_Direction, BitPos(LCD_EN_Direction+0)
;__Lib_Lcd.c,87 :: 		
0x00CC	0x1386      	BCF        LCD_RS_Direction, BitPos(LCD_RS_Direction+0)
;__Lib_Lcd.c,88 :: 		
0x00CD	0x1286      	BCF        LCD_D4_Direction, BitPos(LCD_D4_Direction+0)
;__Lib_Lcd.c,89 :: 		
0x00CE	0x1206      	BCF        LCD_D5_Direction, BitPos(LCD_D5_Direction+0)
;__Lib_Lcd.c,90 :: 		
0x00CF	0x1186      	BCF        LCD_D6_Direction, BitPos(LCD_D6_Direction+0)
;__Lib_Lcd.c,91 :: 		
0x00D0	0x1106      	BCF        LCD_D7_Direction, BitPos(LCD_D7_Direction+0)
;__Lib_Lcd.c,93 :: 		
0x00D1	0x1283      	BCF        STATUS, 5
0x00D2	0x1306      	BCF        LCD_EN, BitPos(LCD_EN+0)
;__Lib_Lcd.c,94 :: 		
0x00D3	0x1386      	BCF        LCD_RS, BitPos(LCD_RS+0)
;__Lib_Lcd.c,95 :: 		
0x00D4	0x1106      	BCF        LCD_D7, BitPos(LCD_D7+0)
;__Lib_Lcd.c,96 :: 		
0x00D5	0x1186      	BCF        LCD_D6, BitPos(LCD_D6+0)
;__Lib_Lcd.c,97 :: 		
0x00D6	0x1206      	BCF        LCD_D5, BitPos(LCD_D5+0)
;__Lib_Lcd.c,98 :: 		
0x00D7	0x1286      	BCF        LCD_D4, BitPos(LCD_D4+0)
;__Lib_Lcd.c,100 :: 		
0x00D8	0x200D      	CALL       _Delay_5500us
;__Lib_Lcd.c,101 :: 		
0x00D9	0x200D      	CALL       _Delay_5500us
;__Lib_Lcd.c,102 :: 		
0x00DA	0x200D      	CALL       _Delay_5500us
;__Lib_Lcd.c,105 :: 		
0x00DB	0x1606      	BSF        LCD_D5, BitPos(LCD_D5+0)
;__Lib_Lcd.c,106 :: 		
0x00DC	0x1686      	BSF        LCD_D4, BitPos(LCD_D4+0)
;__Lib_Lcd.c,107 :: 		
0x00DD	0x1706      	BSF        LCD_EN, BitPos(LCD_EN+0)
;__Lib_Lcd.c,108 :: 		
0x00DE	0x200A      	CALL       _Delay_1us
;__Lib_Lcd.c,109 :: 		
0x00DF	0x1306      	BCF        LCD_EN, BitPos(LCD_EN+0)
;__Lib_Lcd.c,110 :: 		
0x00E0	0x200D      	CALL       _Delay_5500us
;__Lib_Lcd.c,112 :: 		
0x00E1	0x1706      	BSF        LCD_EN, BitPos(LCD_EN+0)
;__Lib_Lcd.c,113 :: 		
0x00E2	0x200A      	CALL       _Delay_1us
;__Lib_Lcd.c,114 :: 		
0x00E3	0x1306      	BCF        LCD_EN, BitPos(LCD_EN+0)
;__Lib_Lcd.c,115 :: 		
0x00E4	0x200D      	CALL       _Delay_5500us
;__Lib_Lcd.c,117 :: 		
0x00E5	0x1706      	BSF        LCD_EN, BitPos(LCD_EN+0)
;__Lib_Lcd.c,118 :: 		
0x00E6	0x200A      	CALL       _Delay_1us
;__Lib_Lcd.c,119 :: 		
0x00E7	0x1306      	BCF        LCD_EN, BitPos(LCD_EN+0)
;__Lib_Lcd.c,120 :: 		
0x00E8	0x200D      	CALL       _Delay_5500us
;__Lib_Lcd.c,123 :: 		
0x00E9	0x1286      	BCF        LCD_D4, BitPos(LCD_D4+0)
;__Lib_Lcd.c,124 :: 		
0x00EA	0x1706      	BSF        LCD_EN, BitPos(LCD_EN+0)
;__Lib_Lcd.c,125 :: 		
0x00EB	0x200A      	CALL       _Delay_1us
;__Lib_Lcd.c,126 :: 		
0x00EC	0x1306      	BCF        LCD_EN, BitPos(LCD_EN+0)
;__Lib_Lcd.c,127 :: 		
0x00ED	0x200D      	CALL       _Delay_5500us
;__Lib_Lcd.c,130 :: 		
0x00EE	0x1706      	BSF        LCD_EN, BitPos(LCD_EN+0)
;__Lib_Lcd.c,131 :: 		
0x00EF	0x200A      	CALL       _Delay_1us
;__Lib_Lcd.c,132 :: 		
0x00F0	0x1306      	BCF        LCD_EN, BitPos(LCD_EN+0)
;__Lib_Lcd.c,134 :: 		
0x00F1	0x1206      	BCF        LCD_D5, BitPos(LCD_D5+0)
;__Lib_Lcd.c,135 :: 		
0x00F2	0x1506      	BSF        LCD_D7, BitPos(LCD_D7+0)
;__Lib_Lcd.c,136 :: 		
0x00F3	0x1706      	BSF        LCD_EN, BitPos(LCD_EN+0)
;__Lib_Lcd.c,137 :: 		
0x00F4	0x200A      	CALL       _Delay_1us
;__Lib_Lcd.c,138 :: 		
0x00F5	0x1306      	BCF        LCD_EN, BitPos(LCD_EN+0)
;__Lib_Lcd.c,139 :: 		
0x00F6	0x200D      	CALL       _Delay_5500us
;__Lib_Lcd.c,142 :: 		
0x00F7	0x1106      	BCF        LCD_D7, BitPos(LCD_D7+0)
;__Lib_Lcd.c,143 :: 		
0x00F8	0x1686      	BSF        LCD_D4, BitPos(LCD_D4+0)
;__Lib_Lcd.c,144 :: 		
0x00F9	0x1706      	BSF        LCD_EN, BitPos(LCD_EN+0)
;__Lib_Lcd.c,145 :: 		
0x00FA	0x200A      	CALL       _Delay_1us
;__Lib_Lcd.c,146 :: 		
0x00FB	0x1306      	BCF        LCD_EN, BitPos(LCD_EN+0)
;__Lib_Lcd.c,148 :: 		
0x00FC	0x1286      	BCF        LCD_D4, BitPos(LCD_D4+0)
;__Lib_Lcd.c,149 :: 		
0x00FD	0x1706      	BSF        LCD_EN, BitPos(LCD_EN+0)
;__Lib_Lcd.c,150 :: 		
0x00FE	0x200A      	CALL       _Delay_1us
;__Lib_Lcd.c,151 :: 		
0x00FF	0x1306      	BCF        LCD_EN, BitPos(LCD_EN+0)
;__Lib_Lcd.c,152 :: 		
0x0100	0x200D      	CALL       _Delay_5500us
;__Lib_Lcd.c,155 :: 		
0x0101	0x1706      	BSF        LCD_EN, BitPos(LCD_EN+0)
;__Lib_Lcd.c,156 :: 		
0x0102	0x200A      	CALL       _Delay_1us
;__Lib_Lcd.c,157 :: 		
0x0103	0x1306      	BCF        LCD_EN, BitPos(LCD_EN+0)
;__Lib_Lcd.c,159 :: 		
0x0104	0x1686      	BSF        LCD_D4, BitPos(LCD_D4+0)
;__Lib_Lcd.c,160 :: 		
0x0105	0x1706      	BSF        LCD_EN, BitPos(LCD_EN+0)
;__Lib_Lcd.c,161 :: 		
0x0106	0x200A      	CALL       _Delay_1us
;__Lib_Lcd.c,162 :: 		
0x0107	0x1306      	BCF        LCD_EN, BitPos(LCD_EN+0)
;__Lib_Lcd.c,163 :: 		
0x0108	0x200D      	CALL       _Delay_5500us
;__Lib_Lcd.c,166 :: 		
0x0109	0x1286      	BCF        LCD_D4, BitPos(LCD_D4+0)
;__Lib_Lcd.c,167 :: 		
0x010A	0x1706      	BSF        LCD_EN, BitPos(LCD_EN+0)
;__Lib_Lcd.c,168 :: 		
0x010B	0x200A      	CALL       _Delay_1us
;__Lib_Lcd.c,169 :: 		
0x010C	0x1306      	BCF        LCD_EN, BitPos(LCD_EN+0)
;__Lib_Lcd.c,171 :: 		
0x010D	0x1506      	BSF        LCD_D7, BitPos(LCD_D7+0)
;__Lib_Lcd.c,172 :: 		
0x010E	0x1586      	BSF        LCD_D6, BitPos(LCD_D6+0)
;__Lib_Lcd.c,173 :: 		
0x010F	0x1606      	BSF        LCD_D5, BitPos(LCD_D5+0)
;__Lib_Lcd.c,174 :: 		
0x0110	0x1686      	BSF        LCD_D4, BitPos(LCD_D4+0)
;__Lib_Lcd.c,175 :: 		
0x0111	0x1706      	BSF        LCD_EN, BitPos(LCD_EN+0)
;__Lib_Lcd.c,176 :: 		
0x0112	0x200A      	CALL       _Delay_1us
;__Lib_Lcd.c,177 :: 		
0x0113	0x1306      	BCF        LCD_EN, BitPos(LCD_EN+0)
;__Lib_Lcd.c,179 :: 		
0x0114	0x200D      	CALL       _Delay_5500us
;__Lib_Lcd.c,181 :: 		
0x0115	0x145D      	BSF        __Lib_Lcd_cmd_status, BitPos(__Lib_Lcd_cmd_status+0)
;__Lib_Lcd.c,182 :: 		
L_end_Lcd_Init:
0x0116	0x0008      	RETURN
; end of _Lcd_Init
___CC2DW:
;__Lib_System.c,134 :: 		
;__Lib_System.c,137 :: 		
_CC2D_Loop1:
;__Lib_System.c,139 :: 		
0x0117	0x206C      	CALL       _____DoICP
0x0118	0x118A      	BCF        PCLATH, 3
0x0119	0x120A      	BCF        PCLATH, 4
;__Lib_System.c,141 :: 		
0x011A	0x0080      	MOVWF      INDF
;__Lib_System.c,142 :: 		
0x011B	0x0A84      	INCF       FSR, 1
;__Lib_System.c,143 :: 		
0x011C	0x0ADE      	INCF       ___DoICPAddr, 1
;__Lib_System.c,145 :: 		
0x011D	0x1903      	BTFSC      STATUS, 2
;__Lib_System.c,146 :: 		
0x011E	0x0ADF      	INCF       ___DoICPAddr+1, 1
;__Lib_System.c,147 :: 		
0x011F	0x03F0      	DECF       R0, 1
;__Lib_System.c,149 :: 		
0x0120	0x1D03      	BTFSS      STATUS, 2
;__Lib_System.c,150 :: 		
0x0121	0x2917      	GOTO       _CC2D_Loop1
;__Lib_System.c,152 :: 		
L_end___CC2DW:
0x0122	0x0008      	RETURN
; end of ___CC2DW
_UART1_Init:
;__Lib_UART_c67.c,2 :: 		
;__Lib_UART_c67.c,5 :: 		
0x0123	0x1683      	BSF        STATUS, 5
0x0124	0x1303      	BCF        STATUS, 6
0x0125	0x1698      	BSF        TXSTA, 5
;__Lib_UART_c67.c,6 :: 		
0x0126	0x3090      	MOVLW      144
0x0127	0x1283      	BCF        STATUS, 5
0x0128	0x0098      	MOVWF      RCSTA
;__Lib_UART_c67.c,7 :: 		
0x0129	0x1683      	BSF        STATUS, 5
0x012A	0x1787      	BSF        TRISC7_bit, BitPos(TRISC7_bit+0)
;__Lib_UART_c67.c,8 :: 		
0x012B	0x1307      	BCF        TRISC6_bit, BitPos(TRISC6_bit+0)
;__Lib_UART_c67.c,10 :: 		
L_UART1_Init0:
0x012C	0x1283      	BCF        STATUS, 5
0x012D	0x1E8C      	BTFSS      PIR1, 5
0x012E	0x2932      	GOTO       L_UART1_Init1
;__Lib_UART_c67.c,11 :: 		
0x012F	0x081A      	MOVF       RCREG, 0
0x0130	0x00F0      	MOVWF      R0
0x0131	0x292C      	GOTO       L_UART1_Init0
L_UART1_Init1:
;__Lib_UART_c67.c,12 :: 		
L_end_UART1_Init:
0x0132	0x0008      	RETURN
; end of _UART1_Init
_UART1_Write_Text:
;__Lib_UART_c67.c,47 :: 		
;__Lib_UART_c67.c,48 :: 		
0x0133	0x1283      	BCF        STATUS, 5
0x0134	0x1303      	BCF        STATUS, 6
0x0135	0x01E6      	CLRF       UART1_Write_Text_counter_L0
;__Lib_UART_c67.c,50 :: 		
0x0136	0x0864      	MOVF       FARG_UART1_Write_Text_uart_text, 0
0x0137	0x0084      	MOVWF      FSR
0x0138	0x0800      	MOVF       INDF, 0
0x0139	0x00E5      	MOVWF      UART1_Write_Text_data__L0
;__Lib_UART_c67.c,51 :: 		
L_UART1_Write_Text5:
0x013A	0x0865      	MOVF       UART1_Write_Text_data__L0, 0
0x013B	0x3A00      	XORLW      0
0x013C	0x1903      	BTFSC      STATUS, 2
0x013D	0x2948      	GOTO       L_UART1_Write_Text6
;__Lib_UART_c67.c,52 :: 		
0x013E	0x0865      	MOVF       UART1_Write_Text_data__L0, 0
0x013F	0x00E8      	MOVWF      FARG_UART1_Write_data_
0x0140	0x2062      	CALL       _UART1_Write
;__Lib_UART_c67.c,53 :: 		
0x0141	0x0AE6      	INCF       UART1_Write_Text_counter_L0, 1
;__Lib_UART_c67.c,54 :: 		
0x0142	0x0866      	MOVF       UART1_Write_Text_counter_L0, 0
0x0143	0x0764      	ADDWF      FARG_UART1_Write_Text_uart_text, 0
0x0144	0x0084      	MOVWF      FSR
0x0145	0x0800      	MOVF       INDF, 0
0x0146	0x00E5      	MOVWF      UART1_Write_Text_data__L0
;__Lib_UART_c67.c,55 :: 		
0x0147	0x293A      	GOTO       L_UART1_Write_Text5
L_UART1_Write_Text6:
;__Lib_UART_c67.c,56 :: 		
L_end_UART1_Write_Text:
0x0148	0x0008      	RETURN
; end of _UART1_Write_Text
_main:
0x0149	0x2218      	CALL       536
;ProyectoIntegrador.c,26 :: 		void main() {
;ProyectoIntegrador.c,27 :: 		ANSEL  = 255;                     // Configure AN pins as digital
0x014A	0x30FF      	MOVLW      255
0x014B	0x1683      	BSF        STATUS, 5
0x014C	0x1703      	BSF        STATUS, 6
0x014D	0x0088      	MOVWF      ANSEL
;ProyectoIntegrador.c,28 :: 		ANSELH = 0;
0x014E	0x0189      	CLRF       ANSELH
;ProyectoIntegrador.c,29 :: 		TRISA = 0b00001101;
0x014F	0x300D      	MOVLW      13
0x0150	0x1303      	BCF        STATUS, 6
0x0151	0x0085      	MOVWF      TRISA
;ProyectoIntegrador.c,30 :: 		TRISC = 0b10000111;
0x0152	0x3087      	MOVLW      135
0x0153	0x0087      	MOVWF      TRISC
;ProyectoIntegrador.c,31 :: 		PORTB = 0;
0x0154	0x1283      	BCF        STATUS, 5
0x0155	0x0186      	CLRF       PORTB
;ProyectoIntegrador.c,32 :: 		UART1_Init(9600);               // Initialize UART module at 9600 bps
0x0156	0x3033      	MOVLW      51
0x0157	0x1683      	BSF        STATUS, 5
0x0158	0x0099      	MOVWF      SPBRG
0x0159	0x1518      	BSF        TXSTA, 2
0x015A	0x2123      	CALL       _UART1_Init
;ProyectoIntegrador.c,33 :: 		Delay_ms(100);                  // Wait for UART module to stabilize
0x015B	0x3002      	MOVLW      2
0x015C	0x00FB      	MOVWF      R11
0x015D	0x3004      	MOVLW      4
0x015E	0x00FC      	MOVWF      R12
0x015F	0x30BA      	MOVLW      186
0x0160	0x00FD      	MOVWF      R13
L_main0:
0x0161	0x0BFD      	DECFSZ     R13, 1
0x0162	0x2961      	GOTO       L_main0
0x0163	0x0BFC      	DECFSZ     R12, 1
0x0164	0x2961      	GOTO       L_main0
0x0165	0x0BFB      	DECFSZ     R11, 1
0x0166	0x2961      	GOTO       L_main0
0x0167	0x0000      	NOP
;ProyectoIntegrador.c,35 :: 		UART1_Write_Text("Start");
0x0168	0x3057      	MOVLW      ?lstr1_ProyectoIntegrador
0x0169	0x00E4      	MOVWF      FARG_UART1_Write_Text_uart_text
0x016A	0x2133      	CALL       _UART1_Write_Text
;ProyectoIntegrador.c,36 :: 		Lcd_Init();                        // Initialize LCD
0x016B	0x20C9      	CALL       _Lcd_Init
;ProyectoIntegrador.c,37 :: 		Lcd_Cmd(_LCD_CLEAR);               // Clear display
0x016C	0x3001      	MOVLW      1
0x016D	0x00E9      	MOVWF      FARG_Lcd_Cmd_out_char
0x016E	0x201A      	CALL       _Lcd_Cmd
;ProyectoIntegrador.c,38 :: 		Lcd_Cmd(_LCD_CURSOR_OFF);          // Cursor off
0x016F	0x300C      	MOVLW      12
0x0170	0x00E9      	MOVWF      FARG_Lcd_Cmd_out_char
0x0171	0x201A      	CALL       _Lcd_Cmd
;ProyectoIntegrador.c,39 :: 		Lcd_Out(1,1,"Proyecto Integr.");                 // Write text in first row
0x0172	0x3001      	MOVLW      1
0x0173	0x00E4      	MOVWF      FARG_Lcd_Out_row
0x0174	0x3001      	MOVLW      1
0x0175	0x00E5      	MOVWF      FARG_Lcd_Out_column
0x0176	0x3044      	MOVLW      ?lstr2_ProyectoIntegrador
0x0177	0x00E6      	MOVWF      FARG_Lcd_Out_text
0x0178	0x2089      	CALL       _Lcd_Out
;ProyectoIntegrador.c,40 :: 		ADC_Init();
0x0179	0x2073      	CALL       _ADC_Init
;ProyectoIntegrador.c,41 :: 		while(1){
L_main1:
;ProyectoIntegrador.c,42 :: 		if(UPBot && banderaUp==0){
0x017A	0x1C07      	BTFSS      RC0_bit, BitPos(RC0_bit+0)
0x017B	0x299B      	GOTO       L_main5
0x017C	0x3000      	MOVLW      0
0x017D	0x0633      	XORWF      _banderaUp+1, 0
0x017E	0x1D03      	BTFSS      STATUS, 2
0x017F	0x2982      	GOTO       L__main22
0x0180	0x3000      	MOVLW      0
0x0181	0x0632      	XORWF      _banderaUp, 0
L__main22:
0x0182	0x1D03      	BTFSS      STATUS, 2
0x0183	0x299B      	GOTO       L_main5
L__main20:
;ProyectoIntegrador.c,43 :: 		banderaUp = 1;
0x0184	0x3001      	MOVLW      1
0x0185	0x00B2      	MOVWF      _banderaUp
0x0186	0x3000      	MOVLW      0
0x0187	0x00B3      	MOVWF      _banderaUp+1
;ProyectoIntegrador.c,44 :: 		txt = "MuestreoXtiempo";
0x0188	0x3034      	MOVLW      ?lstr3_ProyectoIntegrador
0x0189	0x00E3      	MOVWF      _txt
;ProyectoIntegrador.c,45 :: 		Lcd_Out(1,1,txt);
0x018A	0x3001      	MOVLW      1
0x018B	0x00E4      	MOVWF      FARG_Lcd_Out_row
0x018C	0x3001      	MOVLW      1
0x018D	0x00E5      	MOVWF      FARG_Lcd_Out_column
0x018E	0x0863      	MOVF       _txt, 0
0x018F	0x00E6      	MOVWF      FARG_Lcd_Out_text
0x0190	0x2089      	CALL       _Lcd_Out
;ProyectoIntegrador.c,46 :: 		Delay_ms(20);
0x0191	0x3034      	MOVLW      52
0x0192	0x00FC      	MOVWF      R12
0x0193	0x30F1      	MOVLW      241
0x0194	0x00FD      	MOVWF      R13
L_main6:
0x0195	0x0BFD      	DECFSZ     R13, 1
0x0196	0x2995      	GOTO       L_main6
0x0197	0x0BFC      	DECFSZ     R12, 1
0x0198	0x2995      	GOTO       L_main6
0x0199	0x0000      	NOP
0x019A	0x0000      	NOP
;ProyectoIntegrador.c,47 :: 		}
L_main5:
;ProyectoIntegrador.c,48 :: 		if(!UPBot && banderaUp==1){
0x019B	0x1807      	BTFSC      RC0_bit, BitPos(RC0_bit+0)
0x019C	0x29A7      	GOTO       L_main9
0x019D	0x3000      	MOVLW      0
0x019E	0x0633      	XORWF      _banderaUp+1, 0
0x019F	0x1D03      	BTFSS      STATUS, 2
0x01A0	0x29A3      	GOTO       L__main23
0x01A1	0x3001      	MOVLW      1
0x01A2	0x0632      	XORWF      _banderaUp, 0
L__main23:
0x01A3	0x1D03      	BTFSS      STATUS, 2
0x01A4	0x29A7      	GOTO       L_main9
L__main19:
;ProyectoIntegrador.c,49 :: 		banderaUp=0;
0x01A5	0x01B2      	CLRF       _banderaUp
0x01A6	0x01B3      	CLRF       _banderaUp+1
;ProyectoIntegrador.c,50 :: 		}
L_main9:
;ProyectoIntegrador.c,51 :: 		if(DOWNBot && banderaDown==0){
0x01A7	0x1D07      	BTFSS      RC2_bit, BitPos(RC2_bit+0)
0x01A8	0x29C8      	GOTO       L_main12
0x01A9	0x3000      	MOVLW      0
0x01AA	0x0656      	XORWF      _banderaDown+1, 0
0x01AB	0x1D03      	BTFSS      STATUS, 2
0x01AC	0x29AF      	GOTO       L__main24
0x01AD	0x3000      	MOVLW      0
0x01AE	0x0655      	XORWF      _banderaDown, 0
L__main24:
0x01AF	0x1D03      	BTFSS      STATUS, 2
0x01B0	0x29C8      	GOTO       L_main12
L__main18:
;ProyectoIntegrador.c,52 :: 		banderaDown = 1;
0x01B1	0x3001      	MOVLW      1
0x01B2	0x00D5      	MOVWF      _banderaDown
0x01B3	0x3000      	MOVLW      0
0x01B4	0x00D6      	MOVWF      _banderaDown+1
;ProyectoIntegrador.c,53 :: 		txt = "Mostrar muestras";
0x01B5	0x3021      	MOVLW      ?lstr4_ProyectoIntegrador
0x01B6	0x00E3      	MOVWF      _txt
;ProyectoIntegrador.c,54 :: 		Lcd_Out(1,1,txt);
0x01B7	0x3001      	MOVLW      1
0x01B8	0x00E4      	MOVWF      FARG_Lcd_Out_row
0x01B9	0x3001      	MOVLW      1
0x01BA	0x00E5      	MOVWF      FARG_Lcd_Out_column
0x01BB	0x0863      	MOVF       _txt, 0
0x01BC	0x00E6      	MOVWF      FARG_Lcd_Out_text
0x01BD	0x2089      	CALL       _Lcd_Out
;ProyectoIntegrador.c,55 :: 		Delay_ms(20);
0x01BE	0x3034      	MOVLW      52
0x01BF	0x00FC      	MOVWF      R12
0x01C0	0x30F1      	MOVLW      241
0x01C1	0x00FD      	MOVWF      R13
L_main13:
0x01C2	0x0BFD      	DECFSZ     R13, 1
0x01C3	0x29C2      	GOTO       L_main13
0x01C4	0x0BFC      	DECFSZ     R12, 1
0x01C5	0x29C2      	GOTO       L_main13
0x01C6	0x0000      	NOP
0x01C7	0x0000      	NOP
;ProyectoIntegrador.c,56 :: 		}
L_main12:
;ProyectoIntegrador.c,57 :: 		if(!DOWNBot && banderaDown==1){
0x01C8	0x1907      	BTFSC      RC2_bit, BitPos(RC2_bit+0)
0x01C9	0x29D4      	GOTO       L_main16
0x01CA	0x3000      	MOVLW      0
0x01CB	0x0656      	XORWF      _banderaDown+1, 0
0x01CC	0x1D03      	BTFSS      STATUS, 2
0x01CD	0x29D0      	GOTO       L__main25
0x01CE	0x3001      	MOVLW      1
0x01CF	0x0655      	XORWF      _banderaDown, 0
L__main25:
0x01D0	0x1D03      	BTFSS      STATUS, 2
0x01D1	0x29D4      	GOTO       L_main16
L__main17:
;ProyectoIntegrador.c,58 :: 		banderaDown=0;
0x01D2	0x01D5      	CLRF       _banderaDown
0x01D3	0x01D6      	CLRF       _banderaDown+1
;ProyectoIntegrador.c,59 :: 		}
L_main16:
;ProyectoIntegrador.c,60 :: 		}
0x01D4	0x297A      	GOTO       L_main1
;ProyectoIntegrador.c,61 :: 		}
L_end_main:
0x01D5	0x29D5      	GOTO       $+0
; end of _main
0x0218	0x3020      	MOVLW      32
0x0219	0x0084      	MOVWF      FSR
0x021A	0x303D      	MOVLW      61
0x021B	0x1283      	BCF        STATUS, 5
0x021C	0x1303      	BCF        STATUS, 6
0x021D	0x00F0      	MOVWF      R0
0x021E	0x30DB      	MOVLW      219
0x021F	0x00DE      	MOVWF      ___DoICPAddr
0x0220	0x3001      	MOVLW      1
0x0221	0x00DF      	MOVWF      95
0x0222	0x2117      	CALL       279
0x0223	0x0008      	RETURN
;__Lib_ADC_88X.c,0 :: ?ICS_vref_mask
0x01DB	0x3430 ;?ICS_vref_mask+0
; end of ?ICS_vref_mask
;ProyectoIntegrador.c,0 :: ?ICS?lstr4_ProyectoIntegrador
0x01DC	0x344D ;?ICS?lstr4_ProyectoIntegrador+0
0x01DD	0x346F ;?ICS?lstr4_ProyectoIntegrador+1
0x01DE	0x3473 ;?ICS?lstr4_ProyectoIntegrador+2
0x01DF	0x3474 ;?ICS?lstr4_ProyectoIntegrador+3
0x01E0	0x3472 ;?ICS?lstr4_ProyectoIntegrador+4
0x01E1	0x3461 ;?ICS?lstr4_ProyectoIntegrador+5
0x01E2	0x3472 ;?ICS?lstr4_ProyectoIntegrador+6
0x01E3	0x3420 ;?ICS?lstr4_ProyectoIntegrador+7
0x01E4	0x346D ;?ICS?lstr4_ProyectoIntegrador+8
0x01E5	0x3475 ;?ICS?lstr4_ProyectoIntegrador+9
0x01E6	0x3465 ;?ICS?lstr4_ProyectoIntegrador+10
0x01E7	0x3473 ;?ICS?lstr4_ProyectoIntegrador+11
0x01E8	0x3474 ;?ICS?lstr4_ProyectoIntegrador+12
0x01E9	0x3472 ;?ICS?lstr4_ProyectoIntegrador+13
0x01EA	0x3461 ;?ICS?lstr4_ProyectoIntegrador+14
0x01EB	0x3473 ;?ICS?lstr4_ProyectoIntegrador+15
0x01EC	0x3400 ;?ICS?lstr4_ProyectoIntegrador+16
; end of ?ICS?lstr4_ProyectoIntegrador
;ProyectoIntegrador.c,0 :: ?ICS_banderaUp
0x01ED	0x3400 ;?ICS_banderaUp+0
0x01EE	0x3400 ;?ICS_banderaUp+1
; end of ?ICS_banderaUp
;ProyectoIntegrador.c,0 :: ?ICS?lstr3_ProyectoIntegrador
0x01EF	0x344D ;?ICS?lstr3_ProyectoIntegrador+0
0x01F0	0x3475 ;?ICS?lstr3_ProyectoIntegrador+1
0x01F1	0x3465 ;?ICS?lstr3_ProyectoIntegrador+2
0x01F2	0x3473 ;?ICS?lstr3_ProyectoIntegrador+3
0x01F3	0x3474 ;?ICS?lstr3_ProyectoIntegrador+4
0x01F4	0x3472 ;?ICS?lstr3_ProyectoIntegrador+5
0x01F5	0x3465 ;?ICS?lstr3_ProyectoIntegrador+6
0x01F6	0x346F ;?ICS?lstr3_ProyectoIntegrador+7
0x01F7	0x3458 ;?ICS?lstr3_ProyectoIntegrador+8
0x01F8	0x3474 ;?ICS?lstr3_ProyectoIntegrador+9
0x01F9	0x3469 ;?ICS?lstr3_ProyectoIntegrador+10
0x01FA	0x3465 ;?ICS?lstr3_ProyectoIntegrador+11
0x01FB	0x346D ;?ICS?lstr3_ProyectoIntegrador+12
0x01FC	0x3470 ;?ICS?lstr3_ProyectoIntegrador+13
0x01FD	0x346F ;?ICS?lstr3_ProyectoIntegrador+14
0x01FE	0x3400 ;?ICS?lstr3_ProyectoIntegrador+15
; end of ?ICS?lstr3_ProyectoIntegrador
;ProyectoIntegrador.c,0 :: ?ICS?lstr2_ProyectoIntegrador
0x01FF	0x3450 ;?ICS?lstr2_ProyectoIntegrador+0
0x0200	0x3472 ;?ICS?lstr2_ProyectoIntegrador+1
0x0201	0x346F ;?ICS?lstr2_ProyectoIntegrador+2
0x0202	0x3479 ;?ICS?lstr2_ProyectoIntegrador+3
0x0203	0x3465 ;?ICS?lstr2_ProyectoIntegrador+4
0x0204	0x3463 ;?ICS?lstr2_ProyectoIntegrador+5
0x0205	0x3474 ;?ICS?lstr2_ProyectoIntegrador+6
0x0206	0x346F ;?ICS?lstr2_ProyectoIntegrador+7
0x0207	0x3420 ;?ICS?lstr2_ProyectoIntegrador+8
0x0208	0x3449 ;?ICS?lstr2_ProyectoIntegrador+9
0x0209	0x346E ;?ICS?lstr2_ProyectoIntegrador+10
0x020A	0x3474 ;?ICS?lstr2_ProyectoIntegrador+11
0x020B	0x3465 ;?ICS?lstr2_ProyectoIntegrador+12
0x020C	0x3467 ;?ICS?lstr2_ProyectoIntegrador+13
0x020D	0x3472 ;?ICS?lstr2_ProyectoIntegrador+14
0x020E	0x342E ;?ICS?lstr2_ProyectoIntegrador+15
0x020F	0x3400 ;?ICS?lstr2_ProyectoIntegrador+16
; end of ?ICS?lstr2_ProyectoIntegrador
;ProyectoIntegrador.c,0 :: ?ICS_banderaDown
0x0210	0x3400 ;?ICS_banderaDown+0
0x0211	0x3400 ;?ICS_banderaDown+1
; end of ?ICS_banderaDown
;ProyectoIntegrador.c,0 :: ?ICS?lstr1_ProyectoIntegrador
0x0212	0x3453 ;?ICS?lstr1_ProyectoIntegrador+0
0x0213	0x3474 ;?ICS?lstr1_ProyectoIntegrador+1
0x0214	0x3461 ;?ICS?lstr1_ProyectoIntegrador+2
0x0215	0x3472 ;?ICS?lstr1_ProyectoIntegrador+3
0x0216	0x3474 ;?ICS?lstr1_ProyectoIntegrador+4
0x0217	0x3400 ;?ICS?lstr1_ProyectoIntegrador+5
; end of ?ICS?lstr1_ProyectoIntegrador
Symbol List:
//** Routines locations **
//ADDRESS    SIZE    PROCEDURE
//----------------------------------------------
0x0003       [7]    _Delay_50us
0x000A       [3]    _Delay_1us
0x000D      [13]    _Delay_5500us
0x001A      [64]    _Lcd_Cmd
0x005A       [8]    _Lcd_Chr_CP
0x0062      [10]    _UART1_Write
0x006C       [7]    _____DoICP
0x0073      [22]    _ADC_Init
0x0089      [64]    _Lcd_Out
0x00C9      [78]    _Lcd_Init
0x0117      [12]    ___CC2DW
0x0123      [16]    _UART1_Init
0x0133      [22]    _UART1_Write_Text
0x0149     [140]    _main
//** Variables locations ** 
//ADDRESS    SIZE    VARIABLE
//----------------------------------------------
0x0000       [1]    INDF
0x0002       [1]    PCL
0x0003       [1]    STATUS
0x0004       [1]    FSR
0x0006       [0]    RB2_bit
0x0006       [0]    LCD_D7
0x0006       [0]    LCD_D5
0x0006       [0]    LCD_D6
0x0006       [0]    LCD_D4
0x0006       [0]    RB5_bit
0x0006       [0]    RB4_bit
0x0006       [0]    RB7_bit
0x0006       [0]    RB6_bit
0x0006       [1]    PORTB
0x0006       [0]    LCD_RS
0x0006       [0]    LCD_EN
0x0006       [0]    RB3_bit
0x0007       [0]    UPBot
0x0007       [0]    RC0_bit
0x0007       [0]    RC2_bit
0x0007       [0]    DOWNBot
0x000A       [1]    PCLATH
0x000C       [1]    PIR1
0x0018       [1]    RCSTA
0x0019       [1]    TXREG
0x001A       [1]    RCREG
0x001F       [1]    ADCON0
0x0020       [1]    _vref_mask
0x0021      [17]    ?lstr4_ProyectoIntegrador
0x0032       [2]    _banderaUp
0x0034      [16]    ?lstr3_ProyectoIntegrador
0x0044      [17]    ?lstr2_ProyectoIntegrador
0x0055       [2]    _banderaDown
0x0057       [6]    ?lstr1_ProyectoIntegrador
0x005D       [0]    __Lib_Lcd_cmd_status
0x005E       [2]    ___DoICPAddr
0x0060       [3]    _ADC_Get_Sample_Ptr
0x0063       [1]    _txt
0x0064       [1]    FARG_Lcd_Out_row
0x0064       [1]    FARG_UART1_Write_Text_uart_text
0x0065       [1]    FARG_Lcd_Out_column
0x0065       [1]    UART1_Write_Text_data__L0
0x0066       [1]    FARG_Lcd_Out_text
0x0066       [1]    UART1_Write_Text_counter_L0
0x0067       [1]    Lcd_Out_i_L0
0x0068       [1]    FARG_Lcd_Chr_CP_out_char
0x0068       [1]    FARG_UART1_Write_data_
0x0069       [1]    FARG_Lcd_Cmd_out_char
0x0070       [1]    R0
0x0071       [1]    R1
0x0072       [1]    R2
0x0073       [1]    R3
0x0074       [1]    R4
0x0075       [1]    R5
0x0076       [1]    R6
0x0077       [1]    R7
0x0078       [1]    R8
0x0079       [1]    R9
0x007A       [1]    R10
0x007B       [1]    R11
0x007C       [1]    R12
0x007D       [1]    R13
0x007E       [1]    R14
0x007F       [1]    R15
0x0085       [1]    TRISA
0x0086       [0]    TRISB7_bit
0x0086       [0]    TRISB6_bit
0x0086       [0]    LCD_D4_Direction
0x0086       [0]    LCD_EN_Direction
0x0086       [0]    LCD_RS_Direction
0x0086       [0]    TRISB2_bit
0x0086       [0]    TRISB5_bit
0x0086       [0]    TRISB4_bit
0x0086       [0]    TRISB3_bit
0x0086       [0]    LCD_D5_Direction
0x0086       [0]    LCD_D6_Direction
0x0086       [0]    LCD_D7_Direction
0x0087       [1]    TRISC
0x0087       [0]    TRISC6_bit
0x0087       [0]    TRISC7_bit
0x0098       [1]    TXSTA
0x0099       [1]    SPBRG
0x009A       [1]    SPBRGH
0x009F       [1]    ADCON1
0x0188       [1]    ANSEL
0x0189       [1]    ANSELH
//** Constants locations ** 
//ADDRESS    SIZE    CONSTANT
//----------------------------------------------
0x01DB       [1]    ?ICS_vref_mask
0x01DC      [17]    ?ICS?lstr4_ProyectoIntegrador
0x01ED       [2]    ?ICS_banderaUp
0x01EF      [16]    ?ICS?lstr3_ProyectoIntegrador
0x01FF      [17]    ?ICS?lstr2_ProyectoIntegrador
0x0210       [2]    ?ICS_banderaDown
0x0212       [6]    ?ICS?lstr1_ProyectoIntegrador
