0	1	mikroCPIC1618.exe -MSF -DBG -pP16F887 -DL -O11111114 -fo16 -N"C:\Users\Dell\Desktop\TIPOS DE DATOS\ProyectoIntegrador\nextion\nextion.mcppi" -SP"C:\Users\Public\Documents\Mikroelektronika\mikroC PRO for PIC\Defs\" -SP"C:\Users\Public\Documents\Mikroelektronika\mikroC PRO for PIC\Uses\P16\" -SP"C:\Users\Dell\Desktop\TIPOS DE DATOS\ProyectoIntegrador\nextion\" -IP"C:\Users\Public\Documents\Mikroelektronika\mikroC PRO for PIC\Uses\P16\" "nextion.c" "__Lib_Math.mcl" "__Lib_MathDouble.mcl" "__Lib_System.mcl" "__Lib_Delays.mcl" "__Lib_CType.mcl" "__Lib_CString.mcl" "__Lib_CStdlib.mcl" "__Lib_Conversions.mcl" "__Lib_Sprinti.mcl" "__Lib_ADC_88X.mcl" "__Lib_EEPROM.mcl" "__Lib_UART_c67.mcl"	 
hint: 0	1139	Available RAM: 352 [bytes], Available ROM: 8192 [bytes]	 
diagnostics: 0	122	Compilation Started	nextion.c
warning: 150	1508	Implicit conversion of int to ptr	nextion.c
warning: 150	1508	Implicit conversion of int to ptr	nextion.c
warning: 150	1508	Implicit conversion of int to ptr	nextion.c
warning: 159	1505	Suspicious pointer conversion	nextion.c
warning: 160	1508	Implicit conversion of int to ptr	nextion.c
warning: 181	1505	Suspicious pointer conversion	nextion.c
warning: 182	1505	Suspicious pointer conversion	nextion.c
warning: 202	1505	Suspicious pointer conversion	nextion.c
warning: 204	1505	Suspicious pointer conversion	nextion.c
warning: 205	1505	Suspicious pointer conversion	nextion.c
warning: 208	1505	Suspicious pointer conversion	nextion.c
warning: 209	1505	Suspicious pointer conversion	nextion.c
warning: 211	1505	Suspicious pointer conversion	nextion.c
warning: 212	1505	Suspicious pointer conversion	nextion.c
warning: 214	1505	Suspicious pointer conversion	nextion.c
warning: 215	1505	Suspicious pointer conversion	nextion.c
warning: 258	1509	Generated baud rate is 9615 bps (error = 0.16 percent)	nextion.c
diagnostics: 297	123	Compiled Successfully	nextion.c
diagnostics: 0	127	All files Compiled in 172 ms	 
warning: 739	1511	IRP bit must be set manually for indirect access to 'f' variable	__Lib_Sprinti.c
warning: 742	1511	IRP bit must be set manually for indirect access to 'ap' variable	__Lib_Sprinti.c
hint: 0	1144	Used RAM (bytes): 177 (50%)  Free RAM (bytes): 175 (50%)	Used RAM (bytes): 177 (50%)  Free RAM (bytes): 175 (50%)
hint: 0	1144	Used ROM (program words): 3042 (37%)  Free ROM (program words): 5150 (63%)	Used ROM (program words): 3042 (37%)  Free ROM (program words): 5150 (63%)
diagnostics: 0	125	Project Linked Successfully	nextion.mcppi
diagnostics: 0	128	Linked in 172 ms	 
diagnostics: 0	129	Project 'nextion.mcppi' completed: 391 ms	 
diagnostics: 0	103	Finished successfully: 30 sep. 2020, 10:30:46	nextion.mcppi
