0	1	mikroCPIC1618.exe -MSF -DBG -pP16F887 -GC -DL -O11111115 -fo8 -N"C:\Users\Dell\Desktop\TIPOS DE DATOS\ProyectoIntegrador\PI\PI.mcppi" -SP"C:\Users\Public\Documents\Mikroelektronika\mikroC PRO for PIC\Defs\" -SP"C:\Users\Public\Documents\Mikroelektronika\mikroC PRO for PIC\Uses\P16\" -SP"C:\Users\Dell\Desktop\TIPOS DE DATOS\ProyectoIntegrador\PI\" -IP"C:\Users\Public\Documents\Mikroelektronika\mikroC PRO for PIC\Uses\P16\" "PI.c" "tools.c" "__Lib_Math.mcl" "__Lib_MathDouble.mcl" "__Lib_System.mcl" "__Lib_Delays.mcl" "__Lib_CType.mcl" "__Lib_CString.mcl" "__Lib_Conversions.mcl" "__Lib_Sprinti.mcl" "__Lib_ADC_88X.mcl" "__Lib_EEPROM.mcl" "__Lib_UART_c67.mcl" "__Lib_LcdConsts.mcl" "__Lib_Lcd.mcl"	 
diagnostics: 0	122	Compilation Started	PI.c
diagnostics: 396	123	Compiled Successfully	PI.c
diagnostics: 0	122	Compilation Started	tools.c
diagnostics: 0	123	Compiled Successfully	tools.c
diagnostics: 0	127	All files Compiled in 359 ms	 
0	0		
0	0		
0	0		
0	0		
0	0		
0	0		
0	0		
0	0		
0	0		
0	0		
0	0		
0	0		
0	0		
0	0		
diagnostics: 0	125	Project Linked Successfully	PI.mcppi
diagnostics: 0	128	Linked in 1125 ms	 
diagnostics: 0	129	Project 'PI.mcppi' completed: 1531 ms	 
diagnostics: 0	103	Finished successfully: 19 sep. 2020, 17:10:26	PI.mcppi
